[2026-01-23T03:26:30.369Z] getVideoDetails called for videoId: ZFoNBxpXen4, lang: ko
[2026-01-23T03:26:30.885Z] Using proxy config: NO
[2026-01-23T03:26:30.885Z] Fetching transcript list from YouTube...
[2026-01-23T03:26:35.926Z] getVideoDetails called for videoId: ZFoNBxpXen4, lang: ko
[2026-01-23T03:26:36.580Z] Using proxy config: YES
[2026-01-23T03:26:36.581Z] Fetching transcript list from YouTube...
[2026-01-23T03:41:31.522Z] getVideoDetails called for videoId: pzBi1nwDn8U, lang: ko
[2026-01-23T03:41:32.085Z] Using proxy config: YES
[2026-01-23T03:41:32.086Z] Fetching transcript list from YouTube...
[2026-01-23T03:41:36.520Z] getVideoDetails called for videoId: pzBi1nwDn8U, lang: en
[2026-01-23T03:41:36.990Z] Using proxy config: YES
[2026-01-23T03:41:36.991Z] Fetching transcript list from YouTube...
[2026-01-23T03:41:43.045Z] getVideoDetails called for videoId: pzBi1nwDn8U, lang: ja
[2026-01-23T03:41:43.647Z] Using proxy config: YES
[2026-01-23T03:41:43.647Z] Fetching transcript list from YouTube...
[2026-01-23T03:41:49.019Z] getVideoDetails called for videoId: pzBi1nwDn8U, lang: en
[2026-01-23T03:41:49.650Z] Using proxy config: YES
[2026-01-23T03:41:49.650Z] Fetching transcript list from YouTube...
[2026-01-23T03:41:53.956Z] getVideoDetails called for videoId: pzBi1nwDn8U, lang: en
[2026-01-23T03:41:54.417Z] Using proxy config: YES
[2026-01-23T03:41:54.418Z] Fetching transcript list from YouTube...
[2026-01-23T03:41:57.407Z] getVideoDetails called for videoId: pzBi1nwDn8U, lang: ko
[2026-01-23T03:41:57.874Z] Using proxy config: YES
[2026-01-23T03:41:57.875Z] Fetching transcript list from YouTube...
[2026-01-23T06:11:49.696Z] getVideoDetails called for videoId: dQw4w9WgXcQ, lang: undefined
[2026-01-23T06:11:50.259Z] Using proxy config: YES
[2026-01-23T06:11:50.260Z] Fetching transcript list from YouTube...
[2026-01-23T07:16:35.044Z] getVideoDetails called for videoId: pzBi1nwDn8U, lang: ko
[2026-01-23T07:16:35.968Z] Using proxy config: YES
[2026-01-23T07:16:35.968Z] Fetching transcript list from YouTube...
[2026-01-23T07:25:24.948Z] getVideoDetails called for videoId: pzBi1nwDn8U, lang: ko
[2026-01-23T07:25:25.550Z] Using proxy config: YES
[2026-01-23T07:25:25.550Z] Fetching transcript list from YouTube...
[2026-01-23T07:26:51.471Z] getVideoDetails called for videoId: pzBi1nwDn8U, lang: ko
[2026-01-23T07:26:52.097Z] Using proxy config: YES
[2026-01-23T07:26:52.098Z] Fetching transcript list from YouTube...
